2023-03-07 21:20:47,779  INFO [main] SauceDemo:46 - Window is maximized
2023-03-07 21:20:49,460  INFO [main] SauceDemo:49 - URL is opened
2023-03-07 21:20:49,912  INFO [main] SauceDemo:55 - username is entered
2023-03-07 21:20:50,205  INFO [main] SauceDemo:58 - password is entered
2023-03-07 21:20:50,600  INFO [main] SauceDemo:61 - click on login button
2023-03-07 21:20:51,155  INFO [main] SauceDemo:78 - clicked on all products
2023-03-07 21:20:51,394  INFO [main] SauceDemo:81 - clicked on dropdown
2023-03-07 21:20:51,432  INFO [main] SauceDemo:17 - Went on homepage
2023-03-07 21:20:51,457  INFO [main] SauceDemo:22 - Title test case is passed
2023-03-07 21:20:52,399  INFO [main] SauceDemo:88 - browser is closed
2023-03-07 21:20:52,403  INFO [main] SauceDemo:89 - end of program
2023-03-07 21:20:54,675  INFO [main] SauceDemo:46 - Window is maximized
2023-03-07 21:20:56,058  INFO [main] SauceDemo:49 - URL is opened
2023-03-07 21:20:56,252  INFO [main] SauceDemo:55 - username is entered
2023-03-07 21:20:56,409  INFO [main] SauceDemo:58 - password is entered
2023-03-07 21:20:56,719  INFO [main] SauceDemo:61 - click on login button
2023-03-07 21:20:57,192  INFO [main] SauceDemo:78 - clicked on all products
2023-03-07 21:20:57,427  INFO [main] SauceDemo:81 - clicked on dropdown
2023-03-07 21:20:57,627  INFO [main] SauceDemo:42 - clicked on dropdown
2023-03-07 21:20:57,627  INFO [main] SauceDemo:44 - apply validation
2023-03-07 21:20:57,890  INFO [main] SauceDemo:49 - add to cart contains 6 items
2023-03-07 21:20:57,913  INFO [main] SauceDemo:60 - all product add to cart test case is failed
2023-03-07 21:20:58,640  INFO [main] SauceDemo:88 - browser is closed
2023-03-07 21:20:58,641  INFO [main] SauceDemo:89 - end of program
2023-03-07 21:21:00,517  INFO [main] SauceDemo:46 - Window is maximized
2023-03-07 21:21:01,800  INFO [main] SauceDemo:49 - URL is opened
2023-03-07 21:21:02,012  INFO [main] SauceDemo:55 - username is entered
2023-03-07 21:21:02,160  INFO [main] SauceDemo:58 - password is entered
2023-03-07 21:21:02,469  INFO [main] SauceDemo:61 - click on login button
2023-03-07 21:21:02,922  INFO [main] SauceDemo:78 - clicked on all products
2023-03-07 21:21:03,131  INFO [main] SauceDemo:81 - clicked on dropdown
2023-03-07 21:21:03,147  INFO [main] SauceDemo:22 - logout test case is passed
2023-03-07 21:21:03,673  INFO [main] SauceDemo:88 - browser is closed
2023-03-07 21:21:03,675  INFO [main] SauceDemo:89 - end of program
2023-03-07 21:21:05,415  INFO [main] SauceDemo:46 - Window is maximized
2023-03-07 21:21:06,733  INFO [main] SauceDemo:49 - URL is opened
2023-03-07 21:21:06,912  INFO [main] SauceDemo:55 - username is entered
2023-03-07 21:21:07,089  INFO [main] SauceDemo:58 - password is entered
2023-03-07 21:21:07,392  INFO [main] SauceDemo:61 - click on login button
2023-03-07 21:21:07,894  INFO [main] SauceDemo:78 - clicked on all products
2023-03-07 21:21:08,121  INFO [main] SauceDemo:81 - clicked on dropdown
2023-03-07 21:21:08,134  INFO [main] SauceDemo:15 - apply verification
2023-03-07 21:21:08,144  INFO [main] SauceDemo:24 - login test case is passed
2023-03-07 21:21:09,286  INFO [main] SauceDemo:88 - browser is closed
2023-03-07 21:21:09,288  INFO [main] SauceDemo:89 - end of program
2023-03-07 21:21:10,918  INFO [main] SauceDemo:46 - Window is maximized
2023-03-07 21:21:12,309  INFO [main] SauceDemo:49 - URL is opened
2023-03-07 21:21:12,492  INFO [main] SauceDemo:55 - username is entered
2023-03-07 21:21:12,642  INFO [main] SauceDemo:58 - password is entered
2023-03-07 21:21:13,041  INFO [main] SauceDemo:61 - click on login button
2023-03-07 21:21:13,490  INFO [main] SauceDemo:78 - clicked on all products
2023-03-07 21:21:13,734  INFO [main] SauceDemo:81 - clicked on dropdown
2023-03-07 21:21:13,742  INFO [main] SauceDemo:16 - apply validation
2023-03-07 21:21:14,021  INFO [main] SauceDemo:29 - bag add to cart test case is failed
2023-03-07 21:21:14,803  INFO [main] SauceDemo:88 - browser is closed
2023-03-07 21:21:14,804  INFO [main] SauceDemo:89 - end of program
